Design Assistant report for ship_proto
Wed Jun 23 20:14:23 2010
Quartus II Version 9.1 Build 222 10/21/2009 SJ Web Edition


---------------------
; Table of Contents ;
---------------------
  1. Legal Notice
  2. Design Assistant Summary
  3. Design Assistant Settings
  4. High Violations
  5. Medium Violations
  6. Information only Violations
  7. Design Assistant Messages



----------------
; Legal Notice ;
----------------
Copyright (C) 1991-2009 Altera Corporation
Your use of Altera Corporation's design tools, logic functions 
and other software and tools, and its AMPP partner logic 
functions, and any output files from any of the foregoing 
(including device programming or simulation files), and any 
associated documentation or information are expressly subject 
to the terms and conditions of the Altera Program License 
Subscription Agreement, Altera MegaCore Function License 
Agreement, or other applicable license agreement, including, 
without limitation, that your use is for the sole purpose of 
programming logic devices manufactured by Altera and sold by 
Altera or its authorized distributors.  Please refer to the 
applicable agreement for further details.



+-------------------------------------------------------------------------+
; Design Assistant Summary                                                ;
+-----------------------------------+-------------------------------------+
; Design Assistant Status           ; Analyzed - Wed Jun 23 20:14:23 2010 ;
; Revision Name                     ; ship_proto                          ;
; Top-level Entity Name             ; ship_proto                          ;
; Family                            ; Cyclone II                          ;
; Total Critical Violations         ; 0                                   ;
; Total High Violations             ; 10                                  ;
; - Rule S104                       ; 10                                  ;
; Total Medium Violations           ; 8                                   ;
; - Rule C104                       ; 3                                   ;
; - Rule R102                       ; 1                                   ;
; - Rule D102                       ; 4                                   ;
; Total Information only Violations ; 88                                  ;
; - Rule T101                       ; 38                                  ;
; - Rule T102                       ; 50                                  ;
+-----------------------------------+-------------------------------------+


+----------------------------------------------------------------------------------------------------------------------------------------------------------------------------------------------------------------------------------------------------------------------------------------------------------+
; Design Assistant Settings                                                                                                                                                                                                                                                                                ;
+--------------------------------------------------------------------------------------------------------------------------------------------------------------------------------------------------------------------------------------------------------------------------------------+--------------+----+
; Option                                                                                                                                                                                                                                                                               ; Setting      ; To ;
+--------------------------------------------------------------------------------------------------------------------------------------------------------------------------------------------------------------------------------------------------------------------------------------+--------------+----+
; Design Assistant mode                                                                                                                                                                                                                                                                ; Post-Fitting ;    ;
; Threshold value for clock net not mapped to clock spines rule                                                                                                                                                                                                                        ; 25           ;    ;
; Minimum number of clock port feed by gated clocks                                                                                                                                                                                                                                    ; 30           ;    ;
; Minimum number of node fan-out                                                                                                                                                                                                                                                       ; 30           ;    ;
; Maximum number of nodes to report                                                                                                                                                                                                                                                    ; 50           ;    ;
; Rule C101: Gated clock should be implemented according to the Altera standard scheme                                                                                                                                                                                                 ; On           ;    ;
; Rule C102: Logic cell should not be used to generate an inverted clock signal                                                                                                                                                                                                        ; On           ;    ;
; Rule C103: Gated clock does not feed at least a pre-defined number of clock ports to effectively save power                                                                                                                                                                          ; On           ;    ;
; Rule C104: Clock signal source should drive only clock input ports                                                                                                                                                                                                                   ; On           ;    ;
; Rule C105: Clock signal should be a global signal (Rule applies during post-fitting analysis. This rule applies during both post-fitting analysis and post-synthesis analysis if the design targets a MAX 3000 or MAX 7000 device. For more information, see the Help for the rule.) ; On           ;    ;
; Rule C106: Clock signal source should not drive registers triggered by different clock edges                                                                                                                                                                                         ; On           ;    ;
; Rule R101: Combinational logic used as a reset signal should be synchronized                                                                                                                                                                                                         ; On           ;    ;
; Rule R102: External reset signals should be synchronized using two cascaded registers                                                                                                                                                                                                ; On           ;    ;
; Rule R103: External reset signal should be correctly synchronized                                                                                                                                                                                                                    ; On           ;    ;
; Rule R104: The reset signal that is generated in one clock domain and used in another clock domain should be correctly synchronized                                                                                                                                                  ; On           ;    ;
; Rule R105: The reset signal that is generated in one clock domain and used in another clock domain should be synchronized                                                                                                                                                            ; On           ;    ;
; Rule T101: Nodes with more than the specified number of fan-outs                                                                                                                                                                                                                     ; On           ;    ;
; Rule T102: Top nodes with the highest number of fan-outs                                                                                                                                                                                                                             ; On           ;    ;
; Rule A101: Design should not contain combinational loops                                                                                                                                                                                                                             ; On           ;    ;
; Rule A102: Register output should not drive its own control signal directly or through combinational logic                                                                                                                                                                           ; On           ;    ;
; Rule A103: Design should not contain delay chains                                                                                                                                                                                                                                    ; On           ;    ;
; Rule A104: Design should not contain ripple clock structures                                                                                                                                                                                                                         ; On           ;    ;
; Rule A105: Pulses should not be implemented asynchronously                                                                                                                                                                                                                           ; On           ;    ;
; Rule A106: Multiple pulses should not be generated in design                                                                                                                                                                                                                         ; On           ;    ;
; Rule A107: Design should not contain SR latches                                                                                                                                                                                                                                      ; On           ;    ;
; Rule A108: Design should not contain latches                                                                                                                                                                                                                                         ; On           ;    ;
; Rule S101: Output enable and input of the same tri-state node should not be driven by same signal source                                                                                                                                                                             ; On           ;    ;
; Rule S102: Synchronous port and asynchronous port of the same register should not be driven by the same signal source                                                                                                                                                                ; On           ;    ;
; Rule S103: More than one asynchronous port of a register should not be driven by the same signal source                                                                                                                                                                              ; On           ;    ;
; Rule S104: Clock port and any other port of a register should not be driven by the same signal source                                                                                                                                                                                ; On           ;    ;
; Rule D101: Data bits are not synchronized when transferred between asynchronous clock domains                                                                                                                                                                                        ; On           ;    ;
; Rule D102: Multiple data bits that are transferred across asynchronous clock domains are synchronized, but not all bits may be aligned in the receiving clock domain                                                                                                                 ; On           ;    ;
; Rule D103: Data bits are not correctly synchronized when transferred between asynchronous clock domains                                                                                                                                                                              ; On           ;    ;
; Rule M101: Data bits are not synchronized when transferred to the state machine of asynchronous clock domains                                                                                                                                                                        ; On           ;    ;
; Rule M102: No reset signal defined to initialize the state machine                                                                                                                                                                                                                   ; On           ;    ;
; Rule M103: State machine should not contain an unreachable state                                                                                                                                                                                                                     ; On           ;    ;
; Rule M104: State machine should not contain a deadlock state                                                                                                                                                                                                                         ; On           ;    ;
; Rule M105: State machine should not contain a dead transition                                                                                                                                                                                                                        ; On           ;    ;
+--------------------------------------------------------------------------------------------------------------------------------------------------------------------------------------------------------------------------------------------------------------------------------------+--------------+----+


+-----------------------------------------------------------------------------------------------------------------------------------------------------------------------------------------------------+
; High Violations                                                                                                                                                                                     ;
+-------------------------------------------------------------------------------------------------------+---------------------------------------------------------------------------------------------+
; Rule name                                                                                             ; Name                                                                                        ;
+-------------------------------------------------------------------------------------------------------+---------------------------------------------------------------------------------------------+
; Rule S104: Clock port and any other port of a register should not be driven by the same signal source ; sld_signaltap:auto_signaltap_0|sld_signaltap_impl:sld_signaltap_body|acq_trigger_in_reg[66] ;
;  Violated clock and other port source node(s) list                                                    ; CLOCK_50                                                                                    ;
; Rule S104: Clock port and any other port of a register should not be driven by the same signal source ; sld_signaltap:auto_signaltap_0|sld_signaltap_impl:sld_signaltap_body|acq_trigger_in_reg[69] ;
;  Violated clock and other port source node(s) list                                                    ; CLOCK_50                                                                                    ;
; Rule S104: Clock port and any other port of a register should not be driven by the same signal source ; sld_signaltap:auto_signaltap_0|sld_signaltap_impl:sld_signaltap_body|acq_trigger_in_reg[63] ;
;  Violated clock and other port source node(s) list                                                    ; CLOCK_50                                                                                    ;
; Rule S104: Clock port and any other port of a register should not be driven by the same signal source ; sld_signaltap:auto_signaltap_0|sld_signaltap_impl:sld_signaltap_body|acq_trigger_in_reg[62] ;
;  Violated clock and other port source node(s) list                                                    ; CLOCK_50                                                                                    ;
; Rule S104: Clock port and any other port of a register should not be driven by the same signal source ; sld_signaltap:auto_signaltap_0|sld_signaltap_impl:sld_signaltap_body|acq_trigger_in_reg[64] ;
;  Violated clock and other port source node(s) list                                                    ; CLOCK_50                                                                                    ;
; Rule S104: Clock port and any other port of a register should not be driven by the same signal source ; sld_signaltap:auto_signaltap_0|sld_signaltap_impl:sld_signaltap_body|acq_data_in_reg[62]    ;
;  Violated clock and other port source node(s) list                                                    ; CLOCK_50                                                                                    ;
; Rule S104: Clock port and any other port of a register should not be driven by the same signal source ; sld_signaltap:auto_signaltap_0|sld_signaltap_impl:sld_signaltap_body|acq_data_in_reg[66]    ;
;  Violated clock and other port source node(s) list                                                    ; CLOCK_50                                                                                    ;
; Rule S104: Clock port and any other port of a register should not be driven by the same signal source ; sld_signaltap:auto_signaltap_0|sld_signaltap_impl:sld_signaltap_body|acq_data_in_reg[64]    ;
;  Violated clock and other port source node(s) list                                                    ; CLOCK_50                                                                                    ;
; Rule S104: Clock port and any other port of a register should not be driven by the same signal source ; sld_signaltap:auto_signaltap_0|sld_signaltap_impl:sld_signaltap_body|acq_data_in_reg[63]    ;
;  Violated clock and other port source node(s) list                                                    ; CLOCK_50                                                                                    ;
; Rule S104: Clock port and any other port of a register should not be driven by the same signal source ; sld_signaltap:auto_signaltap_0|sld_signaltap_impl:sld_signaltap_body|acq_data_in_reg[69]    ;
;  Violated clock and other port source node(s) list                                                    ; CLOCK_50                                                                                    ;
+-------------------------------------------------------------------------------------------------------+---------------------------------------------------------------------------------------------+


+-----------------------------------------------------------------------------------------------------------------------------------------------------------------------------------------------------------------------------------------------------------------------------------------------------------------------------------------------+
; Medium Violations                                                                                                                                                                                                                                                                                                                             ;
+------------------------------------------------------------------------------------------------------------------------------------------------------------------------------------+----------------------------------------------------------------------------------------------------------------------------------------------------------+
; Rule name                                                                                                                                                                          ; Name                                                                                                                                                     ;
+------------------------------------------------------------------------------------------------------------------------------------------------------------------------------------+----------------------------------------------------------------------------------------------------------------------------------------------------------+
; Rule C104: Clock signal source should drive only clock input ports                                                                                                                 ; ethernet_clk:e25|altpll:altpll_component|_clk0                                                                                                           ;
;  Clock ports destination node(s) list                                                                                                                                              ; data_tx_rx:packet_mover|dm9000a_controller:ethernet|enet_cmd                                                                                             ;
;  Clock ports destination node(s) list                                                                                                                                              ; data_tx_rx:packet_mover|dm9000a_controller:ethernet|link_status                                                                                          ;
;  Clock ports destination node(s) list                                                                                                                                              ; data_tx_rx:packet_mover|dm9000a_controller:ethernet|cmd_spin_count[16]                                                                                   ;
;  Clock ports destination node(s) list                                                                                                                                              ; data_tx_rx:packet_mover|dm9000a_controller:ethernet|cmd_spin_count[12]                                                                                   ;
;  Clock ports destination node(s) list                                                                                                                                              ; data_tx_rx:packet_mover|dm9000a_controller:ethernet|cmd_spin_count[15]                                                                                   ;
;  Clock ports destination node(s) list                                                                                                                                              ; data_tx_rx:packet_mover|dm9000a_controller:ethernet|cmd_spin_count[13]                                                                                   ;
;  Clock ports destination node(s) list                                                                                                                                              ; data_tx_rx:packet_mover|dm9000a_controller:ethernet|cmd_spin_count[8]                                                                                    ;
;  Clock ports destination node(s) list                                                                                                                                              ; data_tx_rx:packet_mover|dm9000a_controller:ethernet|cmd_spin_count[4]                                                                                    ;
;  Clock ports destination node(s) list                                                                                                                                              ; data_tx_rx:packet_mover|dm9000a_controller:ethernet|cmd_spin_count[9]                                                                                    ;
;  Clock ports destination node(s) list                                                                                                                                              ; data_tx_rx:packet_mover|dm9000a_controller:ethernet|cmd_spin_count[7]                                                                                    ;
;  Non-clock ports destination node(s) list                                                                                                                                          ; sld_signaltap:auto_signaltap_0|sld_signaltap_impl:sld_signaltap_body|acq_trigger_in_reg[61]                                                              ;
;  Non-clock ports destination node(s) list                                                                                                                                          ; sld_signaltap:auto_signaltap_0|sld_signaltap_impl:sld_signaltap_body|acq_trigger_in_reg[77]                                                              ;
;  Non-clock ports destination node(s) list                                                                                                                                          ; sld_signaltap:auto_signaltap_0|sld_signaltap_impl:sld_signaltap_body|acq_data_in_reg[61]                                                                 ;
;  Non-clock ports destination node(s) list                                                                                                                                          ; sld_signaltap:auto_signaltap_0|sld_signaltap_impl:sld_signaltap_body|acq_data_in_reg[77]                                                                 ;
;  Non-clock ports destination node(s) list                                                                                                                                          ; data_tx_rx:packet_mover|dm9000a_controller:ethernet|enet_cmd                                                                                             ;
;  Non-clock ports destination node(s) list                                                                                                                                          ; data_tx_rx:packet_mover|dm9000a_controller:ethernet|link_status                                                                                          ;
;  Non-clock ports destination node(s) list                                                                                                                                          ; data_tx_rx:packet_mover|dm9000a_controller:ethernet|cmd_spin_count[16]                                                                                   ;
;  Non-clock ports destination node(s) list                                                                                                                                          ; data_tx_rx:packet_mover|dm9000a_controller:ethernet|cmd_spin_count[12]                                                                                   ;
;  Non-clock ports destination node(s) list                                                                                                                                          ; data_tx_rx:packet_mover|dm9000a_controller:ethernet|cmd_spin_count[15]                                                                                   ;
;  Non-clock ports destination node(s) list                                                                                                                                          ; data_tx_rx:packet_mover|dm9000a_controller:ethernet|cmd_spin_count[13]                                                                                   ;
; Rule C104: Clock signal source should drive only clock input ports                                                                                                                 ; CLOCK_50                                                                                                                                                 ;
;  Clock ports destination node(s) list                                                                                                                                              ; sld_signaltap:auto_signaltap_0|sld_signaltap_impl:sld_signaltap_body|trigger_out_mode_ff                                                                 ;
;  Clock ports destination node(s) list                                                                                                                                              ; sld_signaltap:auto_signaltap_0|sld_signaltap_impl:sld_signaltap_body|sld_buffer_manager:sld_buffer_manager_inst|\buffer_manager:collecting_post_data_var ;
;  Clock ports destination node(s) list                                                                                                                                              ; sld_signaltap:auto_signaltap_0|sld_signaltap_impl:sld_signaltap_body|altdpram:\stp_non_zero_ram_gen:attribute_mem_gen:attribute_mem|cells[0][18]         ;
;  Clock ports destination node(s) list                                                                                                                                              ; sld_signaltap:auto_signaltap_0|sld_signaltap_impl:sld_signaltap_body|altdpram:\stp_non_zero_ram_gen:attribute_mem_gen:attribute_mem|cells[1][18]         ;
;  Clock ports destination node(s) list                                                                                                                                              ; sld_signaltap:auto_signaltap_0|sld_signaltap_impl:sld_signaltap_body|altdpram:\stp_non_zero_ram_gen:attribute_mem_gen:attribute_mem|cells[1][17]         ;
;  Clock ports destination node(s) list                                                                                                                                              ; sld_signaltap:auto_signaltap_0|sld_signaltap_impl:sld_signaltap_body|altdpram:\stp_non_zero_ram_gen:attribute_mem_gen:attribute_mem|cells[0][17]         ;
;  Clock ports destination node(s) list                                                                                                                                              ; sld_signaltap:auto_signaltap_0|sld_signaltap_impl:sld_signaltap_body|altdpram:\stp_non_zero_ram_gen:attribute_mem_gen:attribute_mem|cells[1][16]         ;
;  Clock ports destination node(s) list                                                                                                                                              ; sld_signaltap:auto_signaltap_0|sld_signaltap_impl:sld_signaltap_body|altdpram:\stp_non_zero_ram_gen:attribute_mem_gen:attribute_mem|cells[0][16]         ;
;  Clock ports destination node(s) list                                                                                                                                              ; sld_signaltap:auto_signaltap_0|sld_signaltap_impl:sld_signaltap_body|altdpram:\stp_non_zero_ram_gen:attribute_mem_gen:attribute_mem|cells[0][15]         ;
;  Clock ports destination node(s) list                                                                                                                                              ; sld_signaltap:auto_signaltap_0|sld_signaltap_impl:sld_signaltap_body|altdpram:\stp_non_zero_ram_gen:attribute_mem_gen:attribute_mem|cells[1][15]         ;
;  Non-clock ports destination node(s) list                                                                                                                                          ; sld_signaltap:auto_signaltap_0|sld_signaltap_impl:sld_signaltap_body|acq_data_in_reg[62]                                                                 ;
;  Non-clock ports destination node(s) list                                                                                                                                          ; sld_signaltap:auto_signaltap_0|sld_signaltap_impl:sld_signaltap_body|acq_trigger_in_reg[64]                                                              ;
;  Non-clock ports destination node(s) list                                                                                                                                          ; sld_signaltap:auto_signaltap_0|sld_signaltap_impl:sld_signaltap_body|acq_trigger_in_reg[62]                                                              ;
;  Non-clock ports destination node(s) list                                                                                                                                          ; sld_signaltap:auto_signaltap_0|sld_signaltap_impl:sld_signaltap_body|acq_trigger_in_reg[63]                                                              ;
;  Non-clock ports destination node(s) list                                                                                                                                          ; sld_signaltap:auto_signaltap_0|sld_signaltap_impl:sld_signaltap_body|acq_trigger_in_reg[69]                                                              ;
;  Non-clock ports destination node(s) list                                                                                                                                          ; sld_signaltap:auto_signaltap_0|sld_signaltap_impl:sld_signaltap_body|acq_trigger_in_reg[66]                                                              ;
;  Non-clock ports destination node(s) list                                                                                                                                          ; sld_signaltap:auto_signaltap_0|sld_signaltap_impl:sld_signaltap_body|acq_data_in_reg[66]                                                                 ;
;  Non-clock ports destination node(s) list                                                                                                                                          ; sld_signaltap:auto_signaltap_0|sld_signaltap_impl:sld_signaltap_body|acq_data_in_reg[64]                                                                 ;
;  Non-clock ports destination node(s) list                                                                                                                                          ; sld_signaltap:auto_signaltap_0|sld_signaltap_impl:sld_signaltap_body|acq_data_in_reg[63]                                                                 ;
;  Non-clock ports destination node(s) list                                                                                                                                          ; sld_signaltap:auto_signaltap_0|sld_signaltap_impl:sld_signaltap_body|acq_data_in_reg[69]                                                                 ;
; Rule C104: Clock signal source should drive only clock input ports                                                                                                                 ; CLOCK_27                                                                                                                                                 ;
;  Clock ports destination node(s) list                                                                                                                                              ; ethernet_clk:e25|altpll:altpll_component|_clk0                                                                                                           ;
;  Non-clock ports destination node(s) list                                                                                                                                          ; sld_signaltap:auto_signaltap_0|sld_signaltap_impl:sld_signaltap_body|acq_trigger_in_reg[70]                                                              ;
;  Non-clock ports destination node(s) list                                                                                                                                          ; sld_signaltap:auto_signaltap_0|sld_signaltap_impl:sld_signaltap_body|acq_data_in_reg[70]                                                                 ;
; Rule R102: External reset signals should be synchronized using two cascaded registers                                                                                              ; KEY[0]                                                                                                                                                   ;
;  Reset signal destination node(s) list                                                                                                                                             ; crystal_read:read_crystals|power_crystal_8_hooked_up_to[3]                                                                                               ;
;  Reset signal destination node(s) list                                                                                                                                             ; data_tx_rx:packet_mover|sensor_detected_something[3]                                                                                                     ;
;  Reset signal destination node(s) list                                                                                                                                             ; data_tx_rx:packet_mover|sensor_detected_something[2]                                                                                                     ;
;  Reset signal destination node(s) list                                                                                                                                             ; data_tx_rx:packet_mover|sensor_detected_something[1]                                                                                                     ;
;  Reset signal destination node(s) list                                                                                                                                             ; data_tx_rx:packet_mover|sensor_detected_something[0]                                                                                                     ;
;  Reset signal destination node(s) list                                                                                                                                             ; debounce_DE2_SW:debSW|debouncer:sw15|clean                                                                                                               ;
;  Reset signal destination node(s) list                                                                                                                                             ; pulse_timer:two_sec|pulse_clk                                                                                                                            ;
;  Reset signal destination node(s) list                                                                                                                                             ; data_tx_rx:packet_mover|y_coord[15]                                                                                                                      ;
;  Reset signal destination node(s) list                                                                                                                                             ; to_see2[15]                                                                                                                                              ;
;  Reset signal destination node(s) list                                                                                                                                             ; data_tx_rx:packet_mover|y_coord[7]                                                                                                                       ;
; Rule D102: Multiple data bits that are transferred across asynchronous clock domains are synchronized, but not all bits may be aligned in the receiving clock domain - Structure 1 ;                                                                                                                                                          ;
;  Source node(s) from clock "CLOCK_27" - (Bus)                                                                                                                                      ; data_tx_rx:packet_mover|dm9000a_controller:ethernet|rx_fifo_wr_data                                                                                      ;
;  Synchronizer node(s) from clock "CLOCK_50" - (Bus)                                                                                                                                ; sld_signaltap:auto_signaltap_0|sld_signaltap_impl:sld_signaltap_body|acq_trigger_in_reg                                                                  ;
;  Synchronizer node(s) from clock "CLOCK_50" - (Bus)                                                                                                                                ; sld_signaltap:auto_signaltap_0|sld_signaltap_impl:sld_signaltap_body|acq_data_in_reg                                                                     ;
; Rule D102: Multiple data bits that are transferred across asynchronous clock domains are synchronized, but not all bits may be aligned in the receiving clock domain - Structure 2 ;                                                                                                                                                          ;
;  Source node(s) from clock "CLOCK_27" - (Bus)                                                                                                                                      ; data_tx_rx:packet_mover|dm9000a_controller:ethernet|data_out                                                                                             ;
;  Synchronizer node(s) from clock "CLOCK_50" - (Bus)                                                                                                                                ; sld_signaltap:auto_signaltap_0|sld_signaltap_impl:sld_signaltap_body|acq_trigger_in_reg                                                                  ;
;  Synchronizer node(s) from clock "CLOCK_50" - (Bus)                                                                                                                                ; sld_signaltap:auto_signaltap_0|sld_signaltap_impl:sld_signaltap_body|acq_data_in_reg                                                                     ;
; Rule D102: Multiple data bits that are transferred across asynchronous clock domains are synchronized, but not all bits may be aligned in the receiving clock domain - Structure 3 ;                                                                                                                                                          ;
;  Source node(s) from clock "CLOCK_27" - (Bus)                                                                                                                                      ; data_tx_rx:packet_mover|dm9000a_controller:ethernet|rx_length                                                                                            ;
;  Synchronizer node(s) from clock "CLOCK_50" - (Bus)                                                                                                                                ; sld_signaltap:auto_signaltap_0|sld_signaltap_impl:sld_signaltap_body|acq_trigger_in_reg                                                                  ;
;  Synchronizer node(s) from clock "CLOCK_50" - (Bus)                                                                                                                                ; sld_signaltap:auto_signaltap_0|sld_signaltap_impl:sld_signaltap_body|acq_data_in_reg                                                                     ;
; Rule D102: Multiple data bits that are transferred across asynchronous clock domains are synchronized, but not all bits may be aligned in the receiving clock domain - Structure 4 ;                                                                                                                                                          ;
;  Source node(s) from clock "CLOCK_27" - (Bus)                                                                                                                                      ; data_tx_rx:packet_mover|dm9000a_controller:ethernet|tx_length                                                                                            ;
;  Synchronizer node(s) from clock "CLOCK_50" - (Bus)                                                                                                                                ; sld_signaltap:auto_signaltap_0|sld_signaltap_impl:sld_signaltap_body|acq_trigger_in_reg                                                                  ;
;  Synchronizer node(s) from clock "CLOCK_50" - (Bus)                                                                                                                                ; sld_signaltap:auto_signaltap_0|sld_signaltap_impl:sld_signaltap_body|acq_data_in_reg                                                                     ;
+------------------------------------------------------------------------------------------------------------------------------------------------------------------------------------+----------------------------------------------------------------------------------------------------------------------------------------------------------+


+-------------------------------------------------------------------------------------------------------------------------------------------------------------------------------------------------------------------------------------------------------------------------------------------------------+
; Information only Violations                                                                                                                                                                                                                                                                           ;
+------------------------------------------------------------------+--------------------------------------------------------------------------------------------------------------------------------------------------------------------------------------------------------------------------+---------+
; Rule name                                                        ; Name                                                                                                                                                                                                                     ; Fan-Out ;
+------------------------------------------------------------------+--------------------------------------------------------------------------------------------------------------------------------------------------------------------------------------------------------------------------+---------+
; Rule T101: Nodes with more than the specified number of fan-outs ; CLOCK_50~clkctrl                                                                                                                                                                                                         ; 4827    ;
; Rule T101: Nodes with more than the specified number of fan-outs ; KEY[0]                                                                                                                                                                                                                   ; 986     ;
; Rule T101: Nodes with more than the specified number of fan-outs ; SW[15]                                                                                                                                                                                                                   ; 38      ;
; Rule T101: Nodes with more than the specified number of fan-outs ; to_see1[3]~10                                                                                                                                                                                                            ; 32      ;
; Rule T101: Nodes with more than the specified number of fan-outs ; count[3]                                                                                                                                                                                                                 ; 44      ;
; Rule T101: Nodes with more than the specified number of fan-outs ; count[1]                                                                                                                                                                                                                 ; 31      ;
; Rule T101: Nodes with more than the specified number of fan-outs ; pulse_timer:two_sec|pulse_state.PCOUNTDOWN                                                                                                                                                                               ; 36      ;
; Rule T101: Nodes with more than the specified number of fan-outs ; data_tx_rx:packet_mover|rx_packet:recevie_packet|e_state.STATE_DATA_WRITE1                                                                                                                                               ; 37      ;
; Rule T101: Nodes with more than the specified number of fan-outs ; ethernet_clk:e25|altpll:altpll_component|_clk0~clkctrl                                                                                                                                                                   ; 279     ;
; Rule T101: Nodes with more than the specified number of fan-outs ; data_tx_rx:packet_mover|dm9000a_controller:ethernet|rx_data_fifo:rx_fifo|dcfifo:dcfifo_component|dcfifo_0jo1:auto_generated|dffpipe_9d9:wraclr|dffe21a[0]~clkctrl                                                        ; 44      ;
; Rule T101: Nodes with more than the specified number of fan-outs ; data_tx_rx:packet_mover|dm9000a_controller:ethernet|state.101010                                                                                                                                                         ; 31      ;
; Rule T101: Nodes with more than the specified number of fan-outs ; data_tx_rx:packet_mover|dm9000a_controller:ethernet|rx_data_fifo:tx_fifo|dcfifo:dcfifo_component|dcfifo_ueo1:auto_generated|dffpipe_9d9:wraclr|dffe21a[0]~clkctrl                                                        ; 31      ;
; Rule T101: Nodes with more than the specified number of fan-outs ; ~GND                                                                                                                                                                                                                     ; 31      ;
; Rule T101: Nodes with more than the specified number of fan-outs ; altera_internal_jtag~TCKUTAPclkctrl                                                                                                                                                                                      ; 2117    ;
; Rule T101: Nodes with more than the specified number of fan-outs ; sld_hub:auto_hub|sld_shadow_jsm:shadow_jsm|state[3]                                                                                                                                                                      ; 45      ;
; Rule T101: Nodes with more than the specified number of fan-outs ; sld_hub:auto_hub|irf_reg[1][4]                                                                                                                                                                                           ; 58      ;
; Rule T101: Nodes with more than the specified number of fan-outs ; sld_signaltap:auto_signaltap_0|sld_signaltap_impl:sld_signaltap_body|reset_all~clkctrl                                                                                                                                   ; 1978    ;
; Rule T101: Nodes with more than the specified number of fan-outs ; sld_signaltap:auto_signaltap_0|sld_signaltap_impl:sld_signaltap_body|trigger_setup_ena                                                                                                                                   ; 1418    ;
; Rule T101: Nodes with more than the specified number of fan-outs ; sld_signaltap:auto_signaltap_0|sld_signaltap_impl:sld_signaltap_body|buffer_write_enable_delayed                                                                                                                         ; 107     ;
; Rule T101: Nodes with more than the specified number of fan-outs ; sld_signaltap:auto_signaltap_0|sld_signaltap_impl:sld_signaltap_body|sld_offload_buffer_mgr:\stp_non_zero_depth_offload_gen:stp_offload_buff_mgr_inst|lpm_counter:read_pointer_counter|cntr_v1j:auto_generated|safe_q[0] ; 53      ;
; Rule T101: Nodes with more than the specified number of fan-outs ; sld_signaltap:auto_signaltap_0|sld_signaltap_impl:sld_signaltap_body|sld_offload_buffer_mgr:\stp_non_zero_depth_offload_gen:stp_offload_buff_mgr_inst|lpm_counter:read_pointer_counter|cntr_v1j:auto_generated|safe_q[1] ; 53      ;
; Rule T101: Nodes with more than the specified number of fan-outs ; sld_signaltap:auto_signaltap_0|sld_signaltap_impl:sld_signaltap_body|sld_offload_buffer_mgr:\stp_non_zero_depth_offload_gen:stp_offload_buff_mgr_inst|lpm_counter:read_pointer_counter|cntr_v1j:auto_generated|safe_q[2] ; 53      ;
; Rule T101: Nodes with more than the specified number of fan-outs ; sld_signaltap:auto_signaltap_0|sld_signaltap_impl:sld_signaltap_body|sld_offload_buffer_mgr:\stp_non_zero_depth_offload_gen:stp_offload_buff_mgr_inst|lpm_counter:read_pointer_counter|cntr_v1j:auto_generated|safe_q[3] ; 53      ;
; Rule T101: Nodes with more than the specified number of fan-outs ; sld_signaltap:auto_signaltap_0|sld_signaltap_impl:sld_signaltap_body|sld_offload_buffer_mgr:\stp_non_zero_depth_offload_gen:stp_offload_buff_mgr_inst|lpm_counter:read_pointer_counter|cntr_v1j:auto_generated|safe_q[4] ; 53      ;
; Rule T101: Nodes with more than the specified number of fan-outs ; sld_signaltap:auto_signaltap_0|sld_signaltap_impl:sld_signaltap_body|sld_offload_buffer_mgr:\stp_non_zero_depth_offload_gen:stp_offload_buff_mgr_inst|lpm_counter:read_pointer_counter|cntr_v1j:auto_generated|safe_q[5] ; 53      ;
; Rule T101: Nodes with more than the specified number of fan-outs ; sld_signaltap:auto_signaltap_0|sld_signaltap_impl:sld_signaltap_body|sld_offload_buffer_mgr:\stp_non_zero_depth_offload_gen:stp_offload_buff_mgr_inst|lpm_counter:read_pointer_counter|cntr_v1j:auto_generated|safe_q[6] ; 53      ;
; Rule T101: Nodes with more than the specified number of fan-outs ; sld_signaltap:auto_signaltap_0|sld_signaltap_impl:sld_signaltap_body|sld_offload_buffer_mgr:\stp_non_zero_depth_offload_gen:stp_offload_buff_mgr_inst|lpm_counter:read_pointer_counter|cntr_v1j:auto_generated|safe_q[7] ; 53      ;
; Rule T101: Nodes with more than the specified number of fan-outs ; sld_signaltap:auto_signaltap_0|sld_signaltap_impl:sld_signaltap_body|sld_offload_buffer_mgr:\stp_non_zero_depth_offload_gen:stp_offload_buff_mgr_inst|lpm_counter:read_pointer_counter|cntr_v1j:auto_generated|safe_q[8] ; 53      ;
; Rule T101: Nodes with more than the specified number of fan-outs ; sld_signaltap:auto_signaltap_0|sld_signaltap_impl:sld_signaltap_body|buffer_write_address_delayed[0]                                                                                                                     ; 54      ;
; Rule T101: Nodes with more than the specified number of fan-outs ; sld_signaltap:auto_signaltap_0|sld_signaltap_impl:sld_signaltap_body|buffer_write_address_delayed[1]                                                                                                                     ; 54      ;
; Rule T101: Nodes with more than the specified number of fan-outs ; sld_signaltap:auto_signaltap_0|sld_signaltap_impl:sld_signaltap_body|buffer_write_address_delayed[2]                                                                                                                     ; 54      ;
; Rule T101: Nodes with more than the specified number of fan-outs ; sld_signaltap:auto_signaltap_0|sld_signaltap_impl:sld_signaltap_body|buffer_write_address_delayed[3]                                                                                                                     ; 54      ;
; Rule T101: Nodes with more than the specified number of fan-outs ; sld_signaltap:auto_signaltap_0|sld_signaltap_impl:sld_signaltap_body|buffer_write_address_delayed[4]                                                                                                                     ; 54      ;
; Rule T101: Nodes with more than the specified number of fan-outs ; sld_signaltap:auto_signaltap_0|sld_signaltap_impl:sld_signaltap_body|buffer_write_address_delayed[5]                                                                                                                     ; 54      ;
; Rule T101: Nodes with more than the specified number of fan-outs ; sld_signaltap:auto_signaltap_0|sld_signaltap_impl:sld_signaltap_body|buffer_write_address_delayed[6]                                                                                                                     ; 54      ;
; Rule T101: Nodes with more than the specified number of fan-outs ; sld_signaltap:auto_signaltap_0|sld_signaltap_impl:sld_signaltap_body|buffer_write_address_delayed[7]                                                                                                                     ; 54      ;
; Rule T101: Nodes with more than the specified number of fan-outs ; sld_signaltap:auto_signaltap_0|sld_signaltap_impl:sld_signaltap_body|buffer_write_address_delayed[8]                                                                                                                     ; 54      ;
; Rule T101: Nodes with more than the specified number of fan-outs ; sld_signaltap:auto_signaltap_0|sld_signaltap_impl:sld_signaltap_body|sld_offload_buffer_mgr:\stp_non_zero_depth_offload_gen:stp_offload_buff_mgr_inst|ram_shift_load~1                                                   ; 466     ;
; Rule T102: Top nodes with the highest number of fan-outs         ; CLOCK_50~clkctrl                                                                                                                                                                                                         ; 4827    ;
; Rule T102: Top nodes with the highest number of fan-outs         ; altera_internal_jtag~TCKUTAPclkctrl                                                                                                                                                                                      ; 2117    ;
; Rule T102: Top nodes with the highest number of fan-outs         ; sld_signaltap:auto_signaltap_0|sld_signaltap_impl:sld_signaltap_body|reset_all~clkctrl                                                                                                                                   ; 1978    ;
; Rule T102: Top nodes with the highest number of fan-outs         ; sld_signaltap:auto_signaltap_0|sld_signaltap_impl:sld_signaltap_body|trigger_setup_ena                                                                                                                                   ; 1418    ;
; Rule T102: Top nodes with the highest number of fan-outs         ; KEY[0]                                                                                                                                                                                                                   ; 986     ;
; Rule T102: Top nodes with the highest number of fan-outs         ; sld_signaltap:auto_signaltap_0|sld_signaltap_impl:sld_signaltap_body|sld_offload_buffer_mgr:\stp_non_zero_depth_offload_gen:stp_offload_buff_mgr_inst|ram_shift_load~1                                                   ; 466     ;
; Rule T102: Top nodes with the highest number of fan-outs         ; ethernet_clk:e25|altpll:altpll_component|_clk0~clkctrl                                                                                                                                                                   ; 279     ;
; Rule T102: Top nodes with the highest number of fan-outs         ; sld_signaltap:auto_signaltap_0|sld_signaltap_impl:sld_signaltap_body|buffer_write_enable_delayed                                                                                                                         ; 107     ;
; Rule T102: Top nodes with the highest number of fan-outs         ; sld_hub:auto_hub|irf_reg[1][4]                                                                                                                                                                                           ; 58      ;
; Rule T102: Top nodes with the highest number of fan-outs         ; sld_signaltap:auto_signaltap_0|sld_signaltap_impl:sld_signaltap_body|buffer_write_address_delayed[0]                                                                                                                     ; 54      ;
; Rule T102: Top nodes with the highest number of fan-outs         ; sld_signaltap:auto_signaltap_0|sld_signaltap_impl:sld_signaltap_body|buffer_write_address_delayed[1]                                                                                                                     ; 54      ;
; Rule T102: Top nodes with the highest number of fan-outs         ; sld_signaltap:auto_signaltap_0|sld_signaltap_impl:sld_signaltap_body|buffer_write_address_delayed[2]                                                                                                                     ; 54      ;
; Rule T102: Top nodes with the highest number of fan-outs         ; sld_signaltap:auto_signaltap_0|sld_signaltap_impl:sld_signaltap_body|buffer_write_address_delayed[4]                                                                                                                     ; 54      ;
; Rule T102: Top nodes with the highest number of fan-outs         ; sld_signaltap:auto_signaltap_0|sld_signaltap_impl:sld_signaltap_body|buffer_write_address_delayed[5]                                                                                                                     ; 54      ;
; Rule T102: Top nodes with the highest number of fan-outs         ; sld_signaltap:auto_signaltap_0|sld_signaltap_impl:sld_signaltap_body|buffer_write_address_delayed[6]                                                                                                                     ; 54      ;
; Rule T102: Top nodes with the highest number of fan-outs         ; sld_signaltap:auto_signaltap_0|sld_signaltap_impl:sld_signaltap_body|buffer_write_address_delayed[7]                                                                                                                     ; 54      ;
; Rule T102: Top nodes with the highest number of fan-outs         ; sld_signaltap:auto_signaltap_0|sld_signaltap_impl:sld_signaltap_body|buffer_write_address_delayed[8]                                                                                                                     ; 54      ;
; Rule T102: Top nodes with the highest number of fan-outs         ; sld_signaltap:auto_signaltap_0|sld_signaltap_impl:sld_signaltap_body|buffer_write_address_delayed[3]                                                                                                                     ; 54      ;
; Rule T102: Top nodes with the highest number of fan-outs         ; sld_signaltap:auto_signaltap_0|sld_signaltap_impl:sld_signaltap_body|sld_offload_buffer_mgr:\stp_non_zero_depth_offload_gen:stp_offload_buff_mgr_inst|lpm_counter:read_pointer_counter|cntr_v1j:auto_generated|safe_q[2] ; 53      ;
; Rule T102: Top nodes with the highest number of fan-outs         ; sld_signaltap:auto_signaltap_0|sld_signaltap_impl:sld_signaltap_body|sld_offload_buffer_mgr:\stp_non_zero_depth_offload_gen:stp_offload_buff_mgr_inst|lpm_counter:read_pointer_counter|cntr_v1j:auto_generated|safe_q[1] ; 53      ;
; Rule T102: Top nodes with the highest number of fan-outs         ; sld_signaltap:auto_signaltap_0|sld_signaltap_impl:sld_signaltap_body|sld_offload_buffer_mgr:\stp_non_zero_depth_offload_gen:stp_offload_buff_mgr_inst|lpm_counter:read_pointer_counter|cntr_v1j:auto_generated|safe_q[0] ; 53      ;
; Rule T102: Top nodes with the highest number of fan-outs         ; sld_signaltap:auto_signaltap_0|sld_signaltap_impl:sld_signaltap_body|sld_offload_buffer_mgr:\stp_non_zero_depth_offload_gen:stp_offload_buff_mgr_inst|lpm_counter:read_pointer_counter|cntr_v1j:auto_generated|safe_q[5] ; 53      ;
; Rule T102: Top nodes with the highest number of fan-outs         ; sld_signaltap:auto_signaltap_0|sld_signaltap_impl:sld_signaltap_body|sld_offload_buffer_mgr:\stp_non_zero_depth_offload_gen:stp_offload_buff_mgr_inst|lpm_counter:read_pointer_counter|cntr_v1j:auto_generated|safe_q[4] ; 53      ;
; Rule T102: Top nodes with the highest number of fan-outs         ; sld_signaltap:auto_signaltap_0|sld_signaltap_impl:sld_signaltap_body|sld_offload_buffer_mgr:\stp_non_zero_depth_offload_gen:stp_offload_buff_mgr_inst|lpm_counter:read_pointer_counter|cntr_v1j:auto_generated|safe_q[8] ; 53      ;
; Rule T102: Top nodes with the highest number of fan-outs         ; sld_signaltap:auto_signaltap_0|sld_signaltap_impl:sld_signaltap_body|sld_offload_buffer_mgr:\stp_non_zero_depth_offload_gen:stp_offload_buff_mgr_inst|lpm_counter:read_pointer_counter|cntr_v1j:auto_generated|safe_q[7] ; 53      ;
; Rule T102: Top nodes with the highest number of fan-outs         ; sld_signaltap:auto_signaltap_0|sld_signaltap_impl:sld_signaltap_body|sld_offload_buffer_mgr:\stp_non_zero_depth_offload_gen:stp_offload_buff_mgr_inst|lpm_counter:read_pointer_counter|cntr_v1j:auto_generated|safe_q[6] ; 53      ;
; Rule T102: Top nodes with the highest number of fan-outs         ; sld_signaltap:auto_signaltap_0|sld_signaltap_impl:sld_signaltap_body|sld_offload_buffer_mgr:\stp_non_zero_depth_offload_gen:stp_offload_buff_mgr_inst|lpm_counter:read_pointer_counter|cntr_v1j:auto_generated|safe_q[3] ; 53      ;
; Rule T102: Top nodes with the highest number of fan-outs         ; sld_hub:auto_hub|sld_shadow_jsm:shadow_jsm|state[3]                                                                                                                                                                      ; 45      ;
; Rule T102: Top nodes with the highest number of fan-outs         ; data_tx_rx:packet_mover|dm9000a_controller:ethernet|rx_data_fifo:rx_fifo|dcfifo:dcfifo_component|dcfifo_0jo1:auto_generated|dffpipe_9d9:wraclr|dffe21a[0]~clkctrl                                                        ; 44      ;
; Rule T102: Top nodes with the highest number of fan-outs         ; count[3]                                                                                                                                                                                                                 ; 44      ;
; Rule T102: Top nodes with the highest number of fan-outs         ; SW[15]                                                                                                                                                                                                                   ; 38      ;
; Rule T102: Top nodes with the highest number of fan-outs         ; data_tx_rx:packet_mover|rx_packet:recevie_packet|e_state.STATE_DATA_WRITE1                                                                                                                                               ; 37      ;
; Rule T102: Top nodes with the highest number of fan-outs         ; pulse_timer:two_sec|pulse_state.PCOUNTDOWN                                                                                                                                                                               ; 36      ;
; Rule T102: Top nodes with the highest number of fan-outs         ; to_see1[3]~10                                                                                                                                                                                                            ; 32      ;
; Rule T102: Top nodes with the highest number of fan-outs         ; count[1]                                                                                                                                                                                                                 ; 31      ;
; Rule T102: Top nodes with the highest number of fan-outs         ; ~GND                                                                                                                                                                                                                     ; 31      ;
; Rule T102: Top nodes with the highest number of fan-outs         ; data_tx_rx:packet_mover|dm9000a_controller:ethernet|rx_data_fifo:tx_fifo|dcfifo:dcfifo_component|dcfifo_ueo1:auto_generated|dffpipe_9d9:wraclr|dffe21a[0]~clkctrl                                                        ; 31      ;
; Rule T102: Top nodes with the highest number of fan-outs         ; data_tx_rx:packet_mover|dm9000a_controller:ethernet|state.101010                                                                                                                                                         ; 31      ;
; Rule T102: Top nodes with the highest number of fan-outs         ; data_tx_rx:packet_mover|dm9000a_controller:ethernet|state.000000                                                                                                                                                         ; 29      ;
; Rule T102: Top nodes with the highest number of fan-outs         ; GPIO_0i[1]                                                                                                                                                                                                               ; 28      ;
; Rule T102: Top nodes with the highest number of fan-outs         ; sld_hub:auto_hub|clr_reg~clkctrl                                                                                                                                                                                         ; 28      ;
; Rule T102: Top nodes with the highest number of fan-outs         ; GPIO_0i[0]                                                                                                                                                                                                               ; 28      ;
; Rule T102: Top nodes with the highest number of fan-outs         ; data_tx_rx:packet_mover|dm9000a_controller:ethernet|state.001101                                                                                                                                                         ; 27      ;
; Rule T102: Top nodes with the highest number of fan-outs         ; sld_hub:auto_hub|sld_shadow_jsm:shadow_jsm|state[4]                                                                                                                                                                      ; 27      ;
; Rule T102: Top nodes with the highest number of fan-outs         ; data_tx_rx:packet_mover|dm9000a_controller:ethernet|enet_rd_n                                                                                                                                                            ; 26      ;
; Rule T102: Top nodes with the highest number of fan-outs         ; count[2]                                                                                                                                                                                                                 ; 26      ;
; Rule T102: Top nodes with the highest number of fan-outs         ; sld_hub:auto_hub|irf_reg[1][7]                                                                                                                                                                                           ; 26      ;
; Rule T102: Top nodes with the highest number of fan-outs         ; data_tx_rx:packet_mover|dm9000a_controller:ethernet|cmd_spin_count[6]~8                                                                                                                                                  ; 25      ;
; Rule T102: Top nodes with the highest number of fan-outs         ; sld_signaltap:auto_signaltap_0|sld_signaltap_impl:sld_signaltap_body|collect_data                                                                                                                                        ; 24      ;
; Rule T102: Top nodes with the highest number of fan-outs         ; sld_signaltap:auto_signaltap_0|~GND                                                                                                                                                                                      ; 24      ;
+------------------------------------------------------------------+--------------------------------------------------------------------------------------------------------------------------------------------------------------------------------------------------------------------------+---------+


+---------------------------+
; Design Assistant Messages ;
+---------------------------+
Info: *******************************************************************
Info: Running Quartus II Design Assistant
    Info: Version 9.1 Build 222 10/21/2009 SJ Web Edition
    Info: Processing started: Wed Jun 23 20:13:09 2010
Info: Command: quartus_drc --read_settings_files=off --write_settings_files=off ship_proto -c ship_proto
Critical Warning: (High) Rule S104: Clock port and any other port of a register should not be driven by the same signal source. Found 10 node(s) related to this rule.
    Critical Warning: Node  "sld_signaltap:auto_signaltap_0|sld_signaltap_impl:sld_signaltap_body|acq_trigger_in_reg[66]"
    Critical Warning: Node  "sld_signaltap:auto_signaltap_0|sld_signaltap_impl:sld_signaltap_body|acq_trigger_in_reg[69]"
    Critical Warning: Node  "sld_signaltap:auto_signaltap_0|sld_signaltap_impl:sld_signaltap_body|acq_trigger_in_reg[63]"
    Critical Warning: Node  "sld_signaltap:auto_signaltap_0|sld_signaltap_impl:sld_signaltap_body|acq_trigger_in_reg[62]"
    Critical Warning: Node  "sld_signaltap:auto_signaltap_0|sld_signaltap_impl:sld_signaltap_body|acq_trigger_in_reg[64]"
    Critical Warning: Node  "sld_signaltap:auto_signaltap_0|sld_signaltap_impl:sld_signaltap_body|acq_data_in_reg[62]"
    Critical Warning: Node  "sld_signaltap:auto_signaltap_0|sld_signaltap_impl:sld_signaltap_body|acq_data_in_reg[66]"
    Critical Warning: Node  "sld_signaltap:auto_signaltap_0|sld_signaltap_impl:sld_signaltap_body|acq_data_in_reg[64]"
    Critical Warning: Node  "sld_signaltap:auto_signaltap_0|sld_signaltap_impl:sld_signaltap_body|acq_data_in_reg[63]"
    Critical Warning: Node  "sld_signaltap:auto_signaltap_0|sld_signaltap_impl:sld_signaltap_body|acq_data_in_reg[69]"
Warning: (Medium) Rule C104: Clock signal source should drive only clock input ports. Found 3 nodes related to this rule.
    Warning: Node  "ethernet_clk:e25|altpll:altpll_component|_clk0"
    Warning: Node  "CLOCK_50"
    Warning: Node  "CLOCK_27"
Warning: (Medium) Rule R102: External reset signals should be synchronized using two cascaded registers. Found 1 node(s) related to this rule.
    Warning: Node  "KEY[0]"
Warning: (Medium) Rule D102: Multiple data bits that are transferred across asynchronous clock domains are synchronized, but not all bits may be aligned in the receiving clock domain. (Value defined:2). Found 4 asynchronous clock domain interface structure(s) related to this rule.
    Warning: Node  "data_tx_rx:packet_mover|dm9000a_controller:ethernet|rx_fifo_wr_data (Bus)"
    Warning: Node  "data_tx_rx:packet_mover|dm9000a_controller:ethernet|data_out (Bus)"
    Warning: Node  "data_tx_rx:packet_mover|dm9000a_controller:ethernet|rx_length (Bus)"
    Warning: Node  "data_tx_rx:packet_mover|dm9000a_controller:ethernet|tx_length (Bus)"
Info: (Information) Rule T101: Nodes with more than the specified number of fan-outs. (Value defined:30). Found 38 node(s) with highest fan-out.
    Info: Node  "CLOCK_50~clkctrl"
    Info: Node  "KEY[0]"
    Info: Node  "SW[15]"
    Info: Node  "to_see1[3]~10"
    Info: Node  "count[3]"
    Info: Node  "count[1]"
    Info: Node  "pulse_timer:two_sec|pulse_state.PCOUNTDOWN"
    Info: Node  "data_tx_rx:packet_mover|rx_packet:recevie_packet|e_state.STATE_DATA_WRITE1"
    Info: Node  "ethernet_clk:e25|altpll:altpll_component|_clk0~clkctrl"
    Info: Node  "data_tx_rx:packet_mover|dm9000a_controller:ethernet|rx_data_fifo:rx_fifo|dcfifo:dcfifo_component|dcfifo_0jo1:auto_generated|dffpipe_9d9:wraclr|dffe21a[0]~clkctrl"
    Info: Node  "data_tx_rx:packet_mover|dm9000a_controller:ethernet|state.101010"
    Info: Node  "data_tx_rx:packet_mover|dm9000a_controller:ethernet|rx_data_fifo:tx_fifo|dcfifo:dcfifo_component|dcfifo_ueo1:auto_generated|dffpipe_9d9:wraclr|dffe21a[0]~clkctrl"
    Info: Node  "~GND"
    Info: Node  "altera_internal_jtag~TCKUTAPclkctrl"
    Info: Node  "sld_hub:auto_hub|sld_shadow_jsm:shadow_jsm|state[3]"
    Info: Node  "sld_hub:auto_hub|irf_reg[1][4]"
    Info: Node  "sld_signaltap:auto_signaltap_0|sld_signaltap_impl:sld_signaltap_body|reset_all~clkctrl"
    Info: Node  "sld_signaltap:auto_signaltap_0|sld_signaltap_impl:sld_signaltap_body|trigger_setup_ena"
    Info: Node  "sld_signaltap:auto_signaltap_0|sld_signaltap_impl:sld_signaltap_body|buffer_write_enable_delayed"
    Info: Node  "sld_signaltap:auto_signaltap_0|sld_signaltap_impl:sld_signaltap_body|sld_offload_buffer_mgr:\stp_non_zero_depth_offload_gen:stp_offload_buff_mgr_inst|lpm_counter:read_pointer_counter|cntr_v1j:auto_generated|safe_q[0]"
    Info: Node  "sld_signaltap:auto_signaltap_0|sld_signaltap_impl:sld_signaltap_body|sld_offload_buffer_mgr:\stp_non_zero_depth_offload_gen:stp_offload_buff_mgr_inst|lpm_counter:read_pointer_counter|cntr_v1j:auto_generated|safe_q[1]"
    Info: Node  "sld_signaltap:auto_signaltap_0|sld_signaltap_impl:sld_signaltap_body|sld_offload_buffer_mgr:\stp_non_zero_depth_offload_gen:stp_offload_buff_mgr_inst|lpm_counter:read_pointer_counter|cntr_v1j:auto_generated|safe_q[2]"
    Info: Node  "sld_signaltap:auto_signaltap_0|sld_signaltap_impl:sld_signaltap_body|sld_offload_buffer_mgr:\stp_non_zero_depth_offload_gen:stp_offload_buff_mgr_inst|lpm_counter:read_pointer_counter|cntr_v1j:auto_generated|safe_q[3]"
    Info: Node  "sld_signaltap:auto_signaltap_0|sld_signaltap_impl:sld_signaltap_body|sld_offload_buffer_mgr:\stp_non_zero_depth_offload_gen:stp_offload_buff_mgr_inst|lpm_counter:read_pointer_counter|cntr_v1j:auto_generated|safe_q[4]"
    Info: Node  "sld_signaltap:auto_signaltap_0|sld_signaltap_impl:sld_signaltap_body|sld_offload_buffer_mgr:\stp_non_zero_depth_offload_gen:stp_offload_buff_mgr_inst|lpm_counter:read_pointer_counter|cntr_v1j:auto_generated|safe_q[5]"
    Info: Node  "sld_signaltap:auto_signaltap_0|sld_signaltap_impl:sld_signaltap_body|sld_offload_buffer_mgr:\stp_non_zero_depth_offload_gen:stp_offload_buff_mgr_inst|lpm_counter:read_pointer_counter|cntr_v1j:auto_generated|safe_q[6]"
    Info: Node  "sld_signaltap:auto_signaltap_0|sld_signaltap_impl:sld_signaltap_body|sld_offload_buffer_mgr:\stp_non_zero_depth_offload_gen:stp_offload_buff_mgr_inst|lpm_counter:read_pointer_counter|cntr_v1j:auto_generated|safe_q[7]"
    Info: Node  "sld_signaltap:auto_signaltap_0|sld_signaltap_impl:sld_signaltap_body|sld_offload_buffer_mgr:\stp_non_zero_depth_offload_gen:stp_offload_buff_mgr_inst|lpm_counter:read_pointer_counter|cntr_v1j:auto_generated|safe_q[8]"
    Info: Node  "sld_signaltap:auto_signaltap_0|sld_signaltap_impl:sld_signaltap_body|buffer_write_address_delayed[0]"
    Info: Node  "sld_signaltap:auto_signaltap_0|sld_signaltap_impl:sld_signaltap_body|buffer_write_address_delayed[1]"
    Info: Truncated list of Design Assistant messages to 30 messages. Go to sections under Design Assistant section of Compilation Report for complete lists of Design Assistant messages generated.
Info: (Information) Rule T102: Top nodes with the highest number of fan-outs. (Value defined:50). Found 50 node(s) with highest fan-out.
    Info: Node  "CLOCK_50~clkctrl"
    Info: Node  "altera_internal_jtag~TCKUTAPclkctrl"
    Info: Node  "sld_signaltap:auto_signaltap_0|sld_signaltap_impl:sld_signaltap_body|reset_all~clkctrl"
    Info: Node  "sld_signaltap:auto_signaltap_0|sld_signaltap_impl:sld_signaltap_body|trigger_setup_ena"
    Info: Node  "KEY[0]"
    Info: Node  "sld_signaltap:auto_signaltap_0|sld_signaltap_impl:sld_signaltap_body|sld_offload_buffer_mgr:\stp_non_zero_depth_offload_gen:stp_offload_buff_mgr_inst|ram_shift_load~1"
    Info: Node  "ethernet_clk:e25|altpll:altpll_component|_clk0~clkctrl"
    Info: Node  "sld_signaltap:auto_signaltap_0|sld_signaltap_impl:sld_signaltap_body|buffer_write_enable_delayed"
    Info: Node  "sld_hub:auto_hub|irf_reg[1][4]"
    Info: Node  "sld_signaltap:auto_signaltap_0|sld_signaltap_impl:sld_signaltap_body|buffer_write_address_delayed[0]"
    Info: Node  "sld_signaltap:auto_signaltap_0|sld_signaltap_impl:sld_signaltap_body|buffer_write_address_delayed[1]"
    Info: Node  "sld_signaltap:auto_signaltap_0|sld_signaltap_impl:sld_signaltap_body|buffer_write_address_delayed[2]"
    Info: Node  "sld_signaltap:auto_signaltap_0|sld_signaltap_impl:sld_signaltap_body|buffer_write_address_delayed[4]"
    Info: Node  "sld_signaltap:auto_signaltap_0|sld_signaltap_impl:sld_signaltap_body|buffer_write_address_delayed[5]"
    Info: Node  "sld_signaltap:auto_signaltap_0|sld_signaltap_impl:sld_signaltap_body|buffer_write_address_delayed[6]"
    Info: Node  "sld_signaltap:auto_signaltap_0|sld_signaltap_impl:sld_signaltap_body|buffer_write_address_delayed[7]"
    Info: Node  "sld_signaltap:auto_signaltap_0|sld_signaltap_impl:sld_signaltap_body|buffer_write_address_delayed[8]"
    Info: Node  "sld_signaltap:auto_signaltap_0|sld_signaltap_impl:sld_signaltap_body|buffer_write_address_delayed[3]"
    Info: Node  "sld_signaltap:auto_signaltap_0|sld_signaltap_impl:sld_signaltap_body|sld_offload_buffer_mgr:\stp_non_zero_depth_offload_gen:stp_offload_buff_mgr_inst|lpm_counter:read_pointer_counter|cntr_v1j:auto_generated|safe_q[2]"
    Info: Node  "sld_signaltap:auto_signaltap_0|sld_signaltap_impl:sld_signaltap_body|sld_offload_buffer_mgr:\stp_non_zero_depth_offload_gen:stp_offload_buff_mgr_inst|lpm_counter:read_pointer_counter|cntr_v1j:auto_generated|safe_q[1]"
    Info: Node  "sld_signaltap:auto_signaltap_0|sld_signaltap_impl:sld_signaltap_body|sld_offload_buffer_mgr:\stp_non_zero_depth_offload_gen:stp_offload_buff_mgr_inst|lpm_counter:read_pointer_counter|cntr_v1j:auto_generated|safe_q[0]"
    Info: Node  "sld_signaltap:auto_signaltap_0|sld_signaltap_impl:sld_signaltap_body|sld_offload_buffer_mgr:\stp_non_zero_depth_offload_gen:stp_offload_buff_mgr_inst|lpm_counter:read_pointer_counter|cntr_v1j:auto_generated|safe_q[5]"
    Info: Node  "sld_signaltap:auto_signaltap_0|sld_signaltap_impl:sld_signaltap_body|sld_offload_buffer_mgr:\stp_non_zero_depth_offload_gen:stp_offload_buff_mgr_inst|lpm_counter:read_pointer_counter|cntr_v1j:auto_generated|safe_q[4]"
    Info: Node  "sld_signaltap:auto_signaltap_0|sld_signaltap_impl:sld_signaltap_body|sld_offload_buffer_mgr:\stp_non_zero_depth_offload_gen:stp_offload_buff_mgr_inst|lpm_counter:read_pointer_counter|cntr_v1j:auto_generated|safe_q[8]"
    Info: Node  "sld_signaltap:auto_signaltap_0|sld_signaltap_impl:sld_signaltap_body|sld_offload_buffer_mgr:\stp_non_zero_depth_offload_gen:stp_offload_buff_mgr_inst|lpm_counter:read_pointer_counter|cntr_v1j:auto_generated|safe_q[7]"
    Info: Node  "sld_signaltap:auto_signaltap_0|sld_signaltap_impl:sld_signaltap_body|sld_offload_buffer_mgr:\stp_non_zero_depth_offload_gen:stp_offload_buff_mgr_inst|lpm_counter:read_pointer_counter|cntr_v1j:auto_generated|safe_q[6]"
    Info: Node  "sld_signaltap:auto_signaltap_0|sld_signaltap_impl:sld_signaltap_body|sld_offload_buffer_mgr:\stp_non_zero_depth_offload_gen:stp_offload_buff_mgr_inst|lpm_counter:read_pointer_counter|cntr_v1j:auto_generated|safe_q[3]"
    Info: Node  "sld_hub:auto_hub|sld_shadow_jsm:shadow_jsm|state[3]"
    Info: Node  "data_tx_rx:packet_mover|dm9000a_controller:ethernet|rx_data_fifo:rx_fifo|dcfifo:dcfifo_component|dcfifo_0jo1:auto_generated|dffpipe_9d9:wraclr|dffe21a[0]~clkctrl"
    Info: Node  "count[3]"
    Info: Truncated list of Design Assistant messages to 30 messages. Go to sections under Design Assistant section of Compilation Report for complete lists of Design Assistant messages generated.
Info: Design Assistant information: finished post-fitting analysis of current design -- generated 88 information messages and 18 warning messages
Info: Quartus II Design Assistant was successful. 0 errors, 22 warnings
    Info: Peak virtual memory: 300 megabytes
    Info: Processing ended: Wed Jun 23 20:14:24 2010
    Info: Elapsed time: 00:01:15
    Info: Total CPU time (on all processors): 00:01:09


