Flow report for ship_proto
Sun Oct 03 15:38:01 2010
Quartus II Version 9.1 Build 222 10/21/2009 SJ Web Edition


---------------------
; Table of Contents ;
---------------------
  1. Legal Notice
  2. Flow Summary
  3. Flow Settings
  4. Flow Non-Default Global Settings
  5. Flow Elapsed Time
  6. Flow OS Summary
  7. Flow Log



----------------
; Legal Notice ;
----------------
Copyright (C) 1991-2009 Altera Corporation
Your use of Altera Corporation's design tools, logic functions 
and other software and tools, and its AMPP partner logic 
functions, and any output files from any of the foregoing 
(including device programming or simulation files), and any 
associated documentation or information are expressly subject 
to the terms and conditions of the Altera Program License 
Subscription Agreement, Altera MegaCore Function License 
Agreement, or other applicable license agreement, including, 
without limitation, that your use is for the sole purpose of 
programming logic devices manufactured by Altera and sold by 
Altera or its authorized distributors.  Please refer to the 
applicable agreement for further details.



+------------------------------------------------------------------------------+
; Flow Summary                                                                 ;
+------------------------------------+-----------------------------------------+
; Flow Status                        ; Successful - Sun Oct 03 15:38:01 2010   ;
; Quartus II Version                 ; 9.1 Build 222 10/21/2009 SJ Web Edition ;
; Revision Name                      ; ship_proto                              ;
; Top-level Entity Name              ; ship_proto                              ;
; Family                             ; Cyclone II                              ;
; Device                             ; EP2C35F672C6                            ;
; Timing Models                      ; Final                                   ;
; Met timing requirements            ; Yes                                     ;
; Total logic elements               ; 1,767 / 33,216 ( 5 % )                  ;
;     Total combinational functions  ; 1,528 / 33,216 ( 5 % )                  ;
;     Dedicated logic registers      ; 1,198 / 33,216 ( 4 % )                  ;
; Total registers                    ; 1198                                    ;
; Total pins                         ; 425 / 475 ( 89 % )                      ;
; Total virtual pins                 ; 0                                       ;
; Total memory bits                  ; 11,264 / 483,840 ( 2 % )                ;
; Embedded Multiplier 9-bit elements ; 0 / 70 ( 0 % )                          ;
; Total PLLs                         ; 1 / 4 ( 25 % )                          ;
+------------------------------------+-----------------------------------------+


+-----------------------------------------+
; Flow Settings                           ;
+-------------------+---------------------+
; Option            ; Setting             ;
+-------------------+---------------------+
; Start date & time ; 10/03/2010 14:38:14 ;
; Main task         ; Compilation         ;
; Revision Name     ; ship_proto          ;
+-------------------+---------------------+


+-------------------------------------------------------------------------------------------------------------------------------------------------------------------------------------------------------------------------------------------------------------------------------------------+
; Flow Non-Default Global Settings                                                                                                                                                                                                                                                          ;
+-------------------------------------+------------------------------------------------------------------------------------------------------------------------------------------------------------------------------------------------------+---------------+-------------+----------------+
; Assignment Name                     ; Value                                                                                                                                                                                                ; Default Value ; Entity Name ; Section Id     ;
+-------------------------------------+------------------------------------------------------------------------------------------------------------------------------------------------------------------------------------------------------+---------------+-------------+----------------+
; COMPILER_SIGNATURE_ID               ; 129037911041.128613109304512                                                                                                                                                                         ; --            ; --          ; --             ;
; ENABLE_DA_RULE                      ; C101, C102, C103, C104, C105, C106, R101, R102, R103, R104, R105, T101, T102, A101, A102, A103, A104, A105, A106, A107, A108, S101, S102, S103, S104, D101, D102, D103, M101, M102, M103, M104, M105 ; --            ; --          ; --             ;
; ENABLE_SIGNALTAP                    ; Off                                                                                                                                                                                                  ; --            ; --          ; --             ;
; IP_TOOL_NAME                        ; ALTPLL                                                                                                                                                                                               ; --            ; --          ; --             ;
; IP_TOOL_VERSION                     ; 9.1                                                                                                                                                                                                  ; --            ; --          ; --             ;
; MAX_CORE_JUNCTION_TEMP              ; 85                                                                                                                                                                                                   ; --            ; --          ; --             ;
; MIN_CORE_JUNCTION_TEMP              ; 0                                                                                                                                                                                                    ; --            ; --          ; --             ;
; MISC_FILE                           ; H:/TEACHING/REDHAWK_DUALS/BASIC_SHIP/ship_proto.dpf                                                                                                                                                  ; --            ; --          ; --             ;
; MISC_FILE                           ; ethernet_clk.ppf                                                                                                                                                                                     ; --            ; --          ; --             ;
; MISC_FILE                           ; H:/TEACHING/REDHAWK_DUALS/redhawkduals/BASIC_SHIP/ship_proto.dpf                                                                                                                                     ; --            ; --          ; --             ;
; PARTITION_COLOR                     ; 16764057                                                                                                                                                                                             ; --            ; --          ; Top            ;
; PARTITION_FITTER_PRESERVATION_LEVEL ; PLACEMENT_AND_ROUTING                                                                                                                                                                                ; --            ; --          ; Top            ;
; PARTITION_NETLIST_TYPE              ; SOURCE                                                                                                                                                                                               ; --            ; --          ; Top            ;
; POWER_BOARD_THERMAL_MODEL           ; None (CONSERVATIVE)                                                                                                                                                                                  ; --            ; --          ; --             ;
; POWER_PRESET_COOLING_SOLUTION       ; 23 MM HEAT SINK WITH 200 LFPM AIRFLOW                                                                                                                                                                ; --            ; --          ; --             ;
; USE_GENERATED_PHYSICAL_CONSTRAINTS  ; Off                                                                                                                                                                                                  ; --            ; --          ; eda_blast_fpga ;
; USE_SIGNALTAP_FILE                  ; stp1.stp                                                                                                                                                                                             ; --            ; --          ; --             ;
+-------------------------------------+------------------------------------------------------------------------------------------------------------------------------------------------------------------------------------------------------+---------------+-------------+----------------+


+-----------------------------------------------------------------------------------------------------------------------------+
; Flow Elapsed Time                                                                                                           ;
+-------------------------+--------------+-------------------------+---------------------+------------------------------------+
; Module Name             ; Elapsed Time ; Average Processors Used ; Peak Virtual Memory ; Total CPU Time (on all processors) ;
+-------------------------+--------------+-------------------------+---------------------+------------------------------------+
; Analysis & Synthesis    ; 00:00:32     ; 1.0                     ; 198 MB              ; 00:00:19                           ;
; Fitter                  ; 00:00:19     ; 1.1                     ; 247 MB              ; 00:00:16                           ;
; Assembler               ; 00:00:06     ; 1.0                     ; 218 MB              ; 00:00:03                           ;
; Classic Timing Analyzer ; 00:00:04     ; 1.0                     ; 135 MB              ; 00:00:02                           ;
; Analysis & Synthesis    ; 00:00:38     ; 1.0                     ; 244 MB              ; 00:00:21                           ;
; Partition Merge         ; 00:00:10     ; 1.0                     ; 181 MB              ; 00:00:04                           ;
; Fitter                  ; 00:00:30     ; 1.3                     ; 261 MB              ; 00:00:27                           ;
; Assembler               ; 00:00:07     ; 1.0                     ; 224 MB              ; 00:00:04                           ;
; Classic Timing Analyzer ; 00:00:06     ; 1.0                     ; 150 MB              ; 00:00:03                           ;
; Analysis & Synthesis    ; 00:00:27     ; 1.0                     ; 234 MB              ; 00:00:11                           ;
; Partition Merge         ; 00:00:10     ; 1.0                     ; 183 MB              ; 00:00:04                           ;
; Fitter                  ; 00:00:29     ; 1.1                     ; 262 MB              ; 00:00:26                           ;
; Assembler               ; 00:00:07     ; 1.0                     ; 224 MB              ; 00:00:04                           ;
; Classic Timing Analyzer ; 00:00:06     ; 1.0                     ; 150 MB              ; 00:00:03                           ;
; Analysis & Synthesis    ; 00:01:07     ; 1.0                     ; 307 MB              ; 00:00:44                           ;
; Partition Merge         ; 00:00:12     ; 1.0                     ; 183 MB              ; 00:00:05                           ;
; Fitter                  ; 00:00:39     ; 1.1                     ; 247 MB              ; 00:00:28                           ;
; Analysis & Synthesis    ; 00:00:51     ; 1.0                     ; 251 MB              ; 00:00:22                           ;
; Partition Merge         ; 00:00:10     ; 1.0                     ; 177 MB              ; 00:00:04                           ;
; Fitter                  ; 00:00:34     ; 1.1                     ; 261 MB              ; 00:00:32                           ;
; Assembler               ; 00:00:08     ; 1.0                     ; 225 MB              ; 00:00:04                           ;
; Classic Timing Analyzer ; 00:00:07     ; 1.0                     ; 158 MB              ; 00:00:03                           ;
; Analysis & Synthesis    ; 00:00:47     ; 1.0                     ; 245 MB              ; 00:00:25                           ;
; Analysis & Synthesis    ; 00:00:20     ; 1.0                     ; 194 MB              ; 00:00:07                           ;
; Partition Merge         ; 00:00:06     ; 1.0                     ; 177 MB              ; 00:00:02                           ;
; Fitter                  ; 00:00:20     ; 1.4                     ; 254 MB              ; 00:00:16                           ;
; Assembler               ; 00:00:06     ; 1.0                     ; 219 MB              ; 00:00:03                           ;
; Classic Timing Analyzer ; 00:00:05     ; 1.0                     ; 136 MB              ; 00:00:02                           ;
; Total                   ; 00:09:23     ; --                      ; --                  ; 00:05:44                           ;
+-------------------------+--------------+-------------------------+---------------------+------------------------------------+


+---------------------------------------------------------------------------------------+
; Flow OS Summary                                                                       ;
+-------------------------+------------------+------------+------------+----------------+
; Module Name             ; Machine Hostname ; OS Name    ; OS Version ; Processor type ;
+-------------------------+------------------+------------+------------+----------------+
; Analysis & Synthesis    ; EAS-EGB267-8     ; Windows XP ; 5.1        ; i686           ;
; Fitter                  ; EAS-EGB267-8     ; Windows XP ; 5.1        ; i686           ;
; Assembler               ; EAS-EGB267-8     ; Windows XP ; 5.1        ; i686           ;
; Classic Timing Analyzer ; EAS-EGB267-8     ; Windows XP ; 5.1        ; i686           ;
; Analysis & Synthesis    ; EAS-EGB267-8     ; Windows XP ; 5.1        ; i686           ;
; Partition Merge         ; EAS-EGB267-8     ; Windows XP ; 5.1        ; i686           ;
; Fitter                  ; EAS-EGB267-8     ; Windows XP ; 5.1        ; i686           ;
; Assembler               ; EAS-EGB267-8     ; Windows XP ; 5.1        ; i686           ;
; Classic Timing Analyzer ; EAS-EGB267-8     ; Windows XP ; 5.1        ; i686           ;
; Analysis & Synthesis    ; EAS-EGB267-8     ; Windows XP ; 5.1        ; i686           ;
; Partition Merge         ; EAS-EGB267-8     ; Windows XP ; 5.1        ; i686           ;
; Fitter                  ; EAS-EGB267-8     ; Windows XP ; 5.1        ; i686           ;
; Assembler               ; EAS-EGB267-8     ; Windows XP ; 5.1        ; i686           ;
; Classic Timing Analyzer ; EAS-EGB267-8     ; Windows XP ; 5.1        ; i686           ;
; Analysis & Synthesis    ; EAS-EGB267-8     ; Windows XP ; 5.1        ; i686           ;
; Partition Merge         ; EAS-EGB267-8     ; Windows XP ; 5.1        ; i686           ;
; Fitter                  ; EAS-EGB267-8     ; Windows XP ; 5.1        ; i686           ;
; Analysis & Synthesis    ; EAS-EGB267-8     ; Windows XP ; 5.1        ; i686           ;
; Partition Merge         ; EAS-EGB267-8     ; Windows XP ; 5.1        ; i686           ;
; Fitter                  ; EAS-EGB267-8     ; Windows XP ; 5.1        ; i686           ;
; Assembler               ; EAS-EGB267-8     ; Windows XP ; 5.1        ; i686           ;
; Classic Timing Analyzer ; EAS-EGB267-8     ; Windows XP ; 5.1        ; i686           ;
; Analysis & Synthesis    ; EAS-EGB267-8     ; Windows XP ; 5.1        ; i686           ;
; Analysis & Synthesis    ; EAS-EGB267-8     ; Windows XP ; 5.1        ; i686           ;
; Partition Merge         ; EAS-EGB267-8     ; Windows XP ; 5.1        ; i686           ;
; Fitter                  ; EAS-EGB267-8     ; Windows XP ; 5.1        ; i686           ;
; Assembler               ; EAS-EGB267-8     ; Windows XP ; 5.1        ; i686           ;
; Classic Timing Analyzer ; EAS-EGB267-8     ; Windows XP ; 5.1        ; i686           ;
+-------------------------+------------------+------------+------------+----------------+


------------
; Flow Log ;
------------
quartus_map --read_settings_files=on --write_settings_files=off ship_proto -c ship_proto
quartus_fit --read_settings_files=off --write_settings_files=off ship_proto -c ship_proto
quartus_asm --read_settings_files=off --write_settings_files=off ship_proto -c ship_proto
quartus_tan --read_settings_files=off --write_settings_files=off ship_proto -c ship_proto --timing_analysis_only
quartus_map --read_settings_files=on --write_settings_files=off ship_proto -c ship_proto
quartus_cdb --read_settings_files=off --write_settings_files=off ship_proto -c ship_proto --merge=on
quartus_fit --read_settings_files=off --write_settings_files=off ship_proto -c ship_proto
quartus_asm --read_settings_files=off --write_settings_files=off ship_proto -c ship_proto
quartus_tan --read_settings_files=off --write_settings_files=off ship_proto -c ship_proto --timing_analysis_only
quartus_map --read_settings_files=on --write_settings_files=off ship_proto -c ship_proto
quartus_cdb --read_settings_files=off --write_settings_files=off ship_proto -c ship_proto --merge=on
quartus_fit --read_settings_files=off --write_settings_files=off ship_proto -c ship_proto
quartus_asm --read_settings_files=off --write_settings_files=off ship_proto -c ship_proto
quartus_tan --read_settings_files=off --write_settings_files=off ship_proto -c ship_proto --timing_analysis_only
quartus_map --read_settings_files=on --write_settings_files=off ship_proto -c ship_proto
quartus_cdb --read_settings_files=off --write_settings_files=off ship_proto -c ship_proto --merge=on
quartus_fit --read_settings_files=off --write_settings_files=off ship_proto -c ship_proto
quartus_map --read_settings_files=on --write_settings_files=off ship_proto -c ship_proto
quartus_cdb --read_settings_files=off --write_settings_files=off ship_proto -c ship_proto --merge=on
quartus_fit --read_settings_files=off --write_settings_files=off ship_proto -c ship_proto
quartus_asm --read_settings_files=off --write_settings_files=off ship_proto -c ship_proto
quartus_tan --read_settings_files=off --write_settings_files=off ship_proto -c ship_proto --timing_analysis_only
quartus_map --read_settings_files=on --write_settings_files=off ship_proto -c ship_proto
quartus_map --read_settings_files=on --write_settings_files=off ship_proto -c ship_proto
quartus_cdb --read_settings_files=off --write_settings_files=off ship_proto -c ship_proto --merge=on
quartus_fit --read_settings_files=off --write_settings_files=off ship_proto -c ship_proto
quartus_asm --read_settings_files=off --write_settings_files=off ship_proto -c ship_proto
quartus_tan --read_settings_files=off --write_settings_files=off ship_proto -c ship_proto --timing_analysis_only



