Flow report for gm_controller
Sun Oct 03 14:07:02 2010
Quartus II Version 9.1 Build 222 10/21/2009 SJ Web Edition


---------------------
; Table of Contents ;
---------------------
  1. Legal Notice
  2. Flow Summary
  3. Flow Settings
  4. Flow Non-Default Global Settings
  5. Flow Elapsed Time
  6. Flow OS Summary
  7. Flow Log



----------------
; Legal Notice ;
----------------
Copyright (C) 1991-2009 Altera Corporation
Your use of Altera Corporation's design tools, logic functions 
and other software and tools, and its AMPP partner logic 
functions, and any output files from any of the foregoing 
(including device programming or simulation files), and any 
associated documentation or information are expressly subject 
to the terms and conditions of the Altera Program License 
Subscription Agreement, Altera MegaCore Function License 
Agreement, or other applicable license agreement, including, 
without limitation, that your use is for the sole purpose of 
programming logic devices manufactured by Altera and sold by 
Altera or its authorized distributors.  Please refer to the 
applicable agreement for further details.



+------------------------------------------------------------------------------+
; Flow Summary                                                                 ;
+------------------------------------+-----------------------------------------+
; Flow Status                        ; Successful - Sun Oct 03 14:07:02 2010   ;
; Quartus II Version                 ; 9.1 Build 222 10/21/2009 SJ Web Edition ;
; Revision Name                      ; gm_controller                           ;
; Top-level Entity Name              ; gm_controller                           ;
; Family                             ; Cyclone II                              ;
; Device                             ; EP2C35F672C6                            ;
; Timing Models                      ; Final                                   ;
; Met timing requirements            ; Yes                                     ;
; Total logic elements               ; 7,212 / 33,216 ( 22 % )                 ;
;     Total combinational functions  ; 6,682 / 33,216 ( 20 % )                 ;
;     Dedicated logic registers      ; 4,191 / 33,216 ( 13 % )                 ;
; Total registers                    ; 4259                                    ;
; Total pins                         ; 425 / 475 ( 89 % )                      ;
; Total virtual pins                 ; 0                                       ;
; Total memory bits                  ; 100,736 / 483,840 ( 21 % )              ;
; Embedded Multiplier 9-bit elements ; 4 / 70 ( 6 % )                          ;
; Total PLLs                         ; 2 / 4 ( 50 % )                          ;
+------------------------------------+-----------------------------------------+


+-----------------------------------------+
; Flow Settings                           ;
+-------------------+---------------------+
; Option            ; Setting             ;
+-------------------+---------------------+
; Start date & time ; 09/29/2010 19:46:44 ;
; Main task         ; Compilation         ;
; Revision Name     ; gm_controller       ;
+-------------------+---------------------+


+-------------------------------------------------------------------------------------------------------------------------------------------------------------------------------------------------------------------------------------------------------------------------------------------+
; Flow Non-Default Global Settings                                                                                                                                                                                                                                                          ;
+-------------------------------------+------------------------------------------------------------------------------------------------------------------------------------------------------------------------------------------------------+---------------+-------------+----------------+
; Assignment Name                     ; Value                                                                                                                                                                                                ; Default Value ; Entity Name ; Section Id     ;
+-------------------------------------+------------------------------------------------------------------------------------------------------------------------------------------------------------------------------------------------------+---------------+-------------+----------------+
; COMPILER_SIGNATURE_ID               ; 129037911041.128580400304220                                                                                                                                                                         ; --            ; --          ; --             ;
; ENABLE_DA_RULE                      ; C101, C102, C103, C104, C105, C106, R101, R102, R103, R104, R105, T101, T102, A101, A102, A103, A104, A105, A106, A107, A108, S101, S102, S103, S104, D101, D102, D103, M101, M102, M103, M104, M105 ; --            ; --          ; --             ;
; ENABLE_SIGNALTAP                    ; Off                                                                                                                                                                                                  ; --            ; --          ; --             ;
; IP_TOOL_NAME                        ; RAM: 1-PORT                                                                                                                                                                                          ; --            ; --          ; --             ;
; IP_TOOL_VERSION                     ; 9.1                                                                                                                                                                                                  ; --            ; --          ; --             ;
; MAX_CORE_JUNCTION_TEMP              ; 85                                                                                                                                                                                                   ; --            ; --          ; --             ;
; MIN_CORE_JUNCTION_TEMP              ; 0                                                                                                                                                                                                    ; --            ; --          ; --             ;
; MISC_FILE                           ; H:/TEACHING/REDHAWK_DUALS/GM_CONTROLLER1/gm_controller.dpf                                                                                                                                           ; --            ; --          ; --             ;
; MISC_FILE                           ; packet_buffer_bb.v                                                                                                                                                                                   ; --            ; --          ; --             ;
; MISC_FILE                           ; H:/TEACHING/REDHAWK_DUALS/redhawkduals/GM_CONTROLLER1/gm_controller.dpf                                                                                                                              ; --            ; --          ; --             ;
; PARTITION_COLOR                     ; 16764057                                                                                                                                                                                             ; --            ; --          ; Top            ;
; PARTITION_FITTER_PRESERVATION_LEVEL ; PLACEMENT_AND_ROUTING                                                                                                                                                                                ; --            ; --          ; Top            ;
; PARTITION_NETLIST_TYPE              ; POST_FIT                                                                                                                                                                                             ; --            ; --          ; Top            ;
; SOPC_BUILDER_SIGNATURE_ID           ; 0025B30D2B3C0000012961AABACD                                                                                                                                                                         ; --            ; --          ; --             ;
; USE_GENERATED_PHYSICAL_CONSTRAINTS  ; Off                                                                                                                                                                                                  ; --            ; --          ; eda_blast_fpga ;
; USE_SIGNALTAP_FILE                  ; stp1.stp                                                                                                                                                                                             ; --            ; --          ; --             ;
+-------------------------------------+------------------------------------------------------------------------------------------------------------------------------------------------------------------------------------------------------+---------------+-------------+----------------+


+-----------------------------------------------------------------------------------------------------------------------------+
; Flow Elapsed Time                                                                                                           ;
+-------------------------+--------------+-------------------------+---------------------+------------------------------------+
; Module Name             ; Elapsed Time ; Average Processors Used ; Peak Virtual Memory ; Total CPU Time (on all processors) ;
+-------------------------+--------------+-------------------------+---------------------+------------------------------------+
; Analysis & Synthesis    ; 00:00:10     ; 1.0                     ; 174 MB              ; 00:00:05                           ;
; Analysis & Synthesis    ; 00:00:10     ; 1.0                     ; 174 MB              ; 00:00:05                           ;
; Analysis & Synthesis    ; 00:00:09     ; 1.0                     ; 174 MB              ; 00:00:05                           ;
; Analysis & Synthesis    ; 00:02:08     ; 1.1                     ; 257 MB              ; 00:01:20                           ;
; Partition Merge         ; 00:00:10     ; 1.0                     ; 185 MB              ; 00:00:04                           ;
; Fitter                  ; 00:00:56     ; 1.1                     ; 281 MB              ; 00:00:54                           ;
; Assembler               ; 00:00:08     ; 1.0                     ; 232 MB              ; 00:00:04                           ;
; Classic Timing Analyzer ; 00:00:09     ; 1.0                     ; 182 MB              ; 00:00:05                           ;
; Total                   ; 00:04:00     ; --                      ; --                  ; 00:02:42                           ;
+-------------------------+--------------+-------------------------+---------------------+------------------------------------+


+---------------------------------------------------------------------------------------+
; Flow OS Summary                                                                       ;
+-------------------------+------------------+------------+------------+----------------+
; Module Name             ; Machine Hostname ; OS Name    ; OS Version ; Processor type ;
+-------------------------+------------------+------------+------------+----------------+
; Analysis & Synthesis    ; EAS-EGB267-8     ; Windows XP ; 5.1        ; i686           ;
; Analysis & Synthesis    ; EAS-EGB267-8     ; Windows XP ; 5.1        ; i686           ;
; Analysis & Synthesis    ; EAS-EGB267-8     ; Windows XP ; 5.1        ; i686           ;
; Analysis & Synthesis    ; EAS-EGB267-8     ; Windows XP ; 5.1        ; i686           ;
; Partition Merge         ; EAS-EGB267-8     ; Windows XP ; 5.1        ; i686           ;
; Fitter                  ; EAS-EGB267-8     ; Windows XP ; 5.1        ; i686           ;
; Assembler               ; EAS-EGB267-8     ; Windows XP ; 5.1        ; i686           ;
; Classic Timing Analyzer ; EAS-EGB267-8     ; Windows XP ; 5.1        ; i686           ;
+-------------------------+------------------+------------+------------+----------------+


------------
; Flow Log ;
------------
quartus_map --read_settings_files=on --write_settings_files=off gm_controller -c gm_controller
quartus_map --read_settings_files=on --write_settings_files=off gm_controller -c gm_controller
quartus_map --read_settings_files=on --write_settings_files=off gm_controller -c gm_controller
quartus_map --read_settings_files=on --write_settings_files=off gm_controller -c gm_controller
quartus_cdb --read_settings_files=off --write_settings_files=off gm_controller -c gm_controller --merge=on
quartus_fit --read_settings_files=off --write_settings_files=off gm_controller -c gm_controller
quartus_asm --read_settings_files=off --write_settings_files=off gm_controller -c gm_controller
quartus_tan --read_settings_files=off --write_settings_files=off gm_controller -c gm_controller --timing_analysis_only



